# JRE version: Java(TM) SE Runtime Environment (8.0_131-b11) (build 1.8.0_131-b11)
# Java VM: Java HotSpot(TM) 64-Bit Server VM (25.131-b11 mixed mode linux-amd64 compressed oops)
Heap:
 PSYoungGen      total 67584K, used 5096K [0x00000000d7a00000, 0x00000000dc100000, 0x0000000100000000)
  eden space 62464K, 0% used [0x00000000d7a00000,0x00000000d7a00000,0x00000000db700000)
  from space 5120K, 99% used [0x00000000db700000,0x00000000dbbfa1c8,0x00000000dbc00000)
  to   space 5120K, 0% used [0x00000000dbc00000,0x00000000dbc00000,0x00000000dc100000)
 ParOldGen       total 83456K, used 998K [0x0000000086e00000, 0x000000008bf80000, 0x00000000d7a00000)
  object space 83456K, 1% used [0x0000000086e00000,0x0000000086ef98e8,0x000000008bf80000)
 Metaspace       used 12983K, capacity 13795K, committed 13952K, reserved 1060864K
  class space    used 2609K, capacity 2872K, committed 2944K, reserved 1048576K
GC Heap History (5 events):
Event: 0.797 GC heap before
{Heap before GC invocations=1 (full 0):
 PSYoungGen      total 36352K, used 31232K [0x00000000d7a00000, 0x00000000da280000, 0x0000000100000000)
  eden space 31232K, 100% used [0x00000000d7a00000,0x00000000d9880000,0x00000000d9880000)
  from space 5120K, 0% used [0x00000000d9d80000,0x00000000d9d80000,0x00000000da280000)
  to   space 5120K, 0% used [0x00000000d9880000,0x00000000d9880000,0x00000000d9d80000)
 ParOldGen       total 83456K, used 0K [0x0000000086e00000, 0x000000008bf80000, 0x00000000d7a00000)
  object space 83456K, 0% used [0x0000000086e00000,0x0000000086e00000,0x000000008bf80000)
 Metaspace       used 7163K, capacity 7951K, committed 8192K, reserved 1056768K
  class space    used 1237K, capacity 1264K, committed 1280K, reserved 1048576K
Event: 0.818 GC heap after
Heap after GC invocations=1 (full 0):
 PSYoungGen      total 36352K, used 4031K [0x00000000d7a00000, 0x00000000dc100000, 0x0000000100000000)
  eden space 31232K, 0% used [0x00000000d7a00000,0x00000000d7a00000,0x00000000d9880000)
  from space 5120K, 78% used [0x00000000d9880000,0x00000000d9c6fda8,0x00000000d9d80000)
  to   space 5120K, 0% used [0x00000000dbc00000,0x00000000dbc00000,0x00000000dc100000)
 ParOldGen       total 83456K, used 8K [0x0000000086e00000, 0x000000008bf80000, 0x00000000d7a00000)
  object space 83456K, 0% used [0x0000000086e00000,0x0000000086e02000,0x000000008bf80000)
 Metaspace       used 7163K, capacity 7951K, committed 8192K, reserved 1056768K
  class space    used 1237K, capacity 1264K, committed 1280K, reserved 1048576K
}
Event: 2.038 GC heap before
{Heap before GC invocations=2 (full 0):
 PSYoungGen      total 36352K, used 35263K [0x00000000d7a00000, 0x00000000dc100000, 0x0000000100000000)
  eden space 31232K, 100% used [0x00000000d7a00000,0x00000000d9880000,0x00000000d9880000)
  from space 5120K, 78% used [0x00000000d9880000,0x00000000d9c6fda8,0x00000000d9d80000)
  to   space 5120K, 0% used [0x00000000dbc00000,0x00000000dbc00000,0x00000000dc100000)
 ParOldGen       total 83456K, used 8K [0x0000000086e00000, 0x000000008bf80000, 0x00000000d7a00000)
  object space 83456K, 0% used [0x0000000086e00000,0x0000000086e02000,0x000000008bf80000)
 Metaspace       used 10536K, capacity 10697K, committed 10880K, reserved 1058816K
  class space    used 2023K, capacity 2074K, committed 2176K, reserved 1048576K
Event: 2.062 GC heap after
Heap after GC invocations=2 (full 0):
 PSYoungGen      total 67584K, used 5115K [0x00000000d7a00000, 0x00000000dc100000, 0x0000000100000000)
  eden space 62464K, 0% used [0x00000000d7a00000,0x00000000d7a00000,0x00000000db700000)
  from space 5120K, 99% used [0x00000000dbc00000,0x00000000dc0fee30,0x00000000dc100000)
  to   space 5120K, 0% used [0x00000000db700000,0x00000000db700000,0x00000000dbc00000)
 ParOldGen       total 83456K, used 608K [0x0000000086e00000, 0x000000008bf80000, 0x00000000d7a00000)
  object space 83456K, 0% used [0x0000000086e00000,0x0000000086e983d0,0x000000008bf80000)
 Metaspace       used 10536K, capacity 10697K, committed 10880K, reserved 1058816K
  class space    used 2023K, capacity 2074K, committed 2176K, reserved 1048576K
}
Event: 131.883 GC heap before
{Heap before GC invocations=3 (full 0):
 PSYoungGen      total 67584K, used 67579K [0x00000000d7a00000, 0x00000000dc100000, 0x0000000100000000)
  eden space 62464K, 100% used [0x00000000d7a00000,0x00000000db700000,0x00000000db700000)
  from space 5120K, 99% used [0x00000000dbc00000,0x00000000dc0fee30,0x00000000dc100000)
  to   space 5120K, 0% used [0x00000000db700000,0x00000000db700000,0x00000000dbc00000)
 ParOldGen       total 83456K, used 608K [0x0000000086e00000, 0x000000008bf80000, 0x00000000d7a00000)
  object space 83456K, 0% used [0x0000000086e00000,0x0000000086e983d0,0x000000008bf80000)
 Metaspace       used 12983K, capacity 13795K, committed 13952K, reserved 1060864K
  class space    used 2609K, capacity 2872K, committed 2944K, reserved 1048576K

